<?xml version="1.0" encoding="UTF-8"?>
<!-- Generated by org.testng.reporters.JUnitXMLReporter -->
<testsuite hostname="hp" ignored="0" name="chromebrowser" tests="1" failures="1" timestamp="09 Nov 2022 16:42:43 GMT" time="13.092" errors="0">
  <testcase name="verifyclientSearchByNo" time="5.048" classname="com.obsqura.Testscripts.HomepageTest">
    <failure type="java.lang.AssertionError" message="expected [No results found.] but found []">
      <![CDATA[java.lang.AssertionError: expected [No results found.] but found []
at com.obsqura.Testscripts.HomepageTest.verifyclientSearchByNo(HomepageTest.java:506)
... Removed 34 stack frames]]>
    </failure>
  </testcase> <!-- verifyclientSearchByNo -->
</testsuite> <!-- chromebrowser -->
