<?xml version="1.0" encoding="UTF-8"?>
<testng-results skipped="0" failed="1" ignored="0" total="1" passed="0">
  <reporter-output>
    <line>
      <![CDATA[Login Success]]>
    </line>
  </reporter-output>
  <suite name="Suite" duration-ms="13092" started-at="2022-11-09T16:42:30Z" finished-at="2022-11-09T16:42:43Z">
    <groups>
    </groups>
    <test name="chromebrowser" duration-ms="13092" started-at="2022-11-09T16:42:30Z" finished-at="2022-11-09T16:42:43Z">
      <class name="com.obsqura.Testscripts.HomepageTest">
        <test-method status="PASS" signature="initialization(java.lang.String)[pri:0, instance:com.obsqura.Testscripts.HomepageTest@3a82f6ef]" name="initialization" is-config="true" duration-ms="7774" started-at="2022-11-09T16:42:30Z" finished-at="2022-11-09T16:42:38Z">
          <params>
            <param index="0">
              <value>
                <![CDATA[chrome]]>
              </value>
            </param>
          </params>
          <reporter-output>
          </reporter-output>
        </test-method> <!-- initialization -->
        <test-method status="FAIL" signature="verifyclientSearchByNo()[pri:23, instance:com.obsqura.Testscripts.HomepageTest@3a82f6ef]" name="verifyclientSearchByNo" duration-ms="5048" started-at="2022-11-09T16:42:38Z" finished-at="2022-11-09T16:42:43Z">
          <exception class="java.lang.AssertionError">
            <message>
              <![CDATA[expected [No results found.] but found []]]>
            </message>
            <full-stacktrace>
              <![CDATA[java.lang.AssertionError: expected [No results found.] but found []
at org.testng.Assert.fail(Assert.java:96)
at org.testng.Assert.failNotEquals(Assert.java:776)
at org.testng.Assert.assertEqualsImpl(Assert.java:137)
at org.testng.Assert.assertEquals(Assert.java:118)
at org.testng.Assert.assertEquals(Assert.java:453)
at org.testng.Assert.assertEquals(Assert.java:463)
at com.obsqura.Testscripts.HomepageTest.verifyclientSearchByNo(HomepageTest.java:506)
at sun.reflect.NativeMethodAccessorImpl.invoke0(Native Method)
at sun.reflect.NativeMethodAccessorImpl.invoke(NativeMethodAccessorImpl.java:62)
at sun.reflect.DelegatingMethodAccessorImpl.invoke(DelegatingMethodAccessorImpl.java:43)
at java.lang.reflect.Method.invoke(Method.java:498)
at org.testng.internal.MethodInvocationHelper.invokeMethod(MethodInvocationHelper.java:124)
at org.testng.internal.Invoker.invokeMethod(Invoker.java:583)
at org.testng.internal.Invoker.invokeTestMethod(Invoker.java:719)
at org.testng.internal.Invoker.invokeTestMethods(Invoker.java:989)
at org.testng.internal.TestMethodWorker.invokeTestMethods(TestMethodWorker.java:125)
at org.testng.internal.TestMethodWorker.run(TestMethodWorker.java:109)
at org.testng.TestRunner.privateRun(TestRunner.java:648)
at org.testng.TestRunner.run(TestRunner.java:505)
at org.testng.SuiteRunner.runTest(SuiteRunner.java:455)
at org.testng.SuiteRunner.runSequentially(SuiteRunner.java:450)
at org.testng.SuiteRunner.privateRun(SuiteRunner.java:415)
at org.testng.SuiteRunner.run(SuiteRunner.java:364)
at org.testng.SuiteRunnerWorker.runSuite(SuiteRunnerWorker.java:52)
at org.testng.SuiteRunnerWorker.run(SuiteRunnerWorker.java:84)
at org.testng.TestNG.runSuitesSequentially(TestNG.java:1208)
at org.testng.TestNG.runSuitesLocally(TestNG.java:1137)
at org.testng.TestNG.runSuites(TestNG.java:1049)
at org.testng.TestNG.run(TestNG.java:1017)
at org.apache.maven.surefire.testng.TestNGExecutor.run(TestNGExecutor.java:281)
at org.apache.maven.surefire.testng.TestNGXmlTestSuite.execute(TestNGXmlTestSuite.java:75)
at org.apache.maven.surefire.testng.TestNGProvider.invoke(TestNGProvider.java:121)
at org.apache.maven.surefire.booter.ForkedBooter.invokeProviderInSameClassLoader(ForkedBooter.java:290)
at org.apache.maven.surefire.booter.ForkedBooter.runSuitesInProcess(ForkedBooter.java:242)
at org.apache.maven.surefire.booter.ForkedBooter.main(ForkedBooter.java:121)
]]>
            </full-stacktrace>
          </exception> <!-- java.lang.AssertionError -->
          <reporter-output>
            <line>
              <![CDATA[Login Success]]>
            </line>
          </reporter-output>
        </test-method> <!-- verifyclientSearchByNo -->
        <test-method status="PASS" signature="tearDown(org.testng.ITestResult)[pri:0, instance:com.obsqura.Testscripts.HomepageTest@3a82f6ef]" name="tearDown" is-config="true" duration-ms="203" started-at="2022-11-09T16:42:43Z" finished-at="2022-11-09T16:42:43Z">
          <params>
            <param index="0">
              <value>
                <![CDATA[[TestResult name=verifyclientSearchByNo status=FAILURE method=HomepageTest.verifyclientSearchByNo()[pri:23, instance:com.obsqura.Testscripts.HomepageTest@3a82f6ef] output=Login Success]]]>
              </value>
            </param>
          </params>
          <reporter-output>
          </reporter-output>
        </test-method> <!-- tearDown -->
      </class> <!-- com.obsqura.Testscripts.HomepageTest -->
    </test> <!-- chromebrowser -->
  </suite> <!-- Suite -->
</testng-results>
